app/build/intermediates/manifest_merge_blame_file/debug/manifest-merger-blame-debug-report.txt
1<?xml version="1.0" encoding="utf-8"?>
2<manifest xmlns:android="http://schemas.android.com/apk/res/android"
3    package="com.example.petmily"
4    android:versionCode="1"
5    android:versionName="1.0" >
6
7    <uses-sdk
8        android:minSdkVersion="29"
8-->src\main\AndroidManifest.xml
9        android:targetSdkVersion="33" />
9-->src\main\AndroidManifest.xml
10
11    <uses-permission android:name="android.permission.INTERNET" />
11-->src\main\AndroidManifest.xml:57:5-67
11-->src\main\AndroidManifest.xml:57:22-64
12    <uses-permission android:name="android.permission.ACCESS_COARSE_LOCATION" />
12-->src\main\AndroidManifest.xml:58:5-81
12-->src\main\AndroidManifest.xml:58:22-78
13    <uses-permission android:name="android.permission.ACCESS_FINE_LOCATION" />
13-->src\main\AndroidManifest.xml:59:5-79
13-->src\main\AndroidManifest.xml:59:22-76
14    <uses-permission android:name="android.permission.RECEIVE_BOOT_COMPLETED" />
14-->src\main\AndroidManifest.xml:60:5-81
14-->src\main\AndroidManifest.xml:60:22-78
15    <uses-permission android:name="android.permission.BOOT_COMPLETED" />
15-->src\main\AndroidManifest.xml:61:5-73
15-->src\main\AndroidManifest.xml:61:22-70
16    <uses-permission android:name="android.permission.ACCESS_BACKGROUND_SERVICE" />
16-->src\main\AndroidManifest.xml:62:5-84
16-->src\main\AndroidManifest.xml:62:22-81
17
18    <queries>
18-->[com.kakao.sdk:v2-navi:2.12.1] AndroidManifest.xml:9:5-12:15
19        <package android:name="com.locnall.KimGiSa" />
19-->[com.kakao.sdk:v2-navi:2.12.1] AndroidManifest.xml:10:9-55
19-->[com.kakao.sdk:v2-navi:2.12.1] AndroidManifest.xml:10:18-52
20        <package android:name="com.lguplus.navi" />
20-->[com.kakao.sdk:v2-navi:2.12.1] AndroidManifest.xml:11:9-52
20-->[com.kakao.sdk:v2-navi:2.12.1] AndroidManifest.xml:11:18-49
21        <package android:name="com.kakao.talk" />
21-->[com.kakao.sdk:v2-common:2.12.1] AndroidManifest.xml:10:9-50
21-->[com.kakao.sdk:v2-common:2.12.1] AndroidManifest.xml:10:18-47
22        <package android:name="com.kakao.talk.alpha" />
22-->[com.kakao.sdk:v2-common:2.12.1] AndroidManifest.xml:11:9-56
22-->[com.kakao.sdk:v2-common:2.12.1] AndroidManifest.xml:11:18-53
23        <package android:name="com.kakao.talk.sandbox" />
23-->[com.kakao.sdk:v2-common:2.12.1] AndroidManifest.xml:12:9-58
23-->[com.kakao.sdk:v2-common:2.12.1] AndroidManifest.xml:12:18-55
24        <package android:name="com.kakao.onetalk" />
24-->[com.kakao.sdk:v2-common:2.12.1] AndroidManifest.xml:13:9-53
24-->[com.kakao.sdk:v2-common:2.12.1] AndroidManifest.xml:13:18-50
25
26        <intent>
26-->[com.kakao.sdk:v2-common:2.12.1] AndroidManifest.xml:15:9-21:18
27            <action android:name="android.intent.action.VIEW" />
27-->[com.kakao.sdk:v2-common:2.12.1] AndroidManifest.xml:16:13-65
27-->[com.kakao.sdk:v2-common:2.12.1] AndroidManifest.xml:16:21-62
28
29            <category android:name="android.intent.category.BROWSABLE" />
29-->[com.kakao.sdk:v2-common:2.12.1] AndroidManifest.xml:18:13-74
29-->[com.kakao.sdk:v2-common:2.12.1] AndroidManifest.xml:18:23-71
30
31            <data android:scheme="https" />
31-->[com.kakao.sdk:v2-common:2.12.1] AndroidManifest.xml:20:13-44
31-->[com.kakao.sdk:v2-common:2.12.1] AndroidManifest.xml:20:19-41
32        </intent>
33    </queries>
34
35    <uses-feature
35-->[com.naver.maps:map-sdk:3.16.0] AndroidManifest.xml:9:5-11:35
36        android:glEsVersion="0x00020000"
36-->[com.naver.maps:map-sdk:3.16.0] AndroidManifest.xml:10:9-41
37        android:required="true" />
37-->[com.naver.maps:map-sdk:3.16.0] AndroidManifest.xml:11:9-32
38    <uses-feature
38-->[com.naver.maps:map-sdk:3.16.0] AndroidManifest.xml:12:5-14:36
39        android:name="android.hardware.wifi"
39-->[com.naver.maps:map-sdk:3.16.0] AndroidManifest.xml:13:9-45
40        android:required="false" />
40-->[com.naver.maps:map-sdk:3.16.0] AndroidManifest.xml:14:9-33
41
42    <uses-permission android:name="android.permission.ACCESS_NETWORK_STATE" />
42-->[com.naver.maps:map-sdk:3.16.0] AndroidManifest.xml:17:5-79
42-->[com.naver.maps:map-sdk:3.16.0] AndroidManifest.xml:17:22-76
43    <uses-permission android:name="android.permission.ACCESS_WIFI_STATE" />
43-->[com.naver.maps:map-sdk:3.16.0] AndroidManifest.xml:18:5-76
43-->[com.naver.maps:map-sdk:3.16.0] AndroidManifest.xml:18:22-73
44    <uses-permission android:name="android.permission.POST_NOTIFICATIONS" />
44-->[com.google.firebase:firebase-messaging:23.1.1] AndroidManifest.xml:25:5-77
44-->[com.google.firebase:firebase-messaging:23.1.1] AndroidManifest.xml:25:22-74
45    <uses-permission android:name="android.permission.WAKE_LOCK" /> <!-- Required by older versions of Google Play services to create IID tokens -->
45-->[com.google.firebase:firebase-messaging:23.1.1] AndroidManifest.xml:26:5-68
45-->[com.google.firebase:firebase-messaging:23.1.1] AndroidManifest.xml:26:22-65
46    <uses-permission android:name="com.google.android.c2dm.permission.RECEIVE" />
46-->[com.google.firebase:firebase-messaging:23.1.1] AndroidManifest.xml:28:5-82
46-->[com.google.firebase:firebase-messaging:23.1.1] AndroidManifest.xml:28:22-79
47
48    <permission
48-->[androidx.core:core:1.9.0] AndroidManifest.xml:22:5-24:47
49        android:name="com.example.petmily.DYNAMIC_RECEIVER_NOT_EXPORTED_PERMISSION"
49-->[androidx.core:core:1.9.0] AndroidManifest.xml:23:9-81
50        android:protectionLevel="signature" />
50-->[androidx.core:core:1.9.0] AndroidManifest.xml:24:9-44
51
52    <uses-permission android:name="com.example.petmily.DYNAMIC_RECEIVER_NOT_EXPORTED_PERMISSION" />
52-->[androidx.core:core:1.9.0] AndroidManifest.xml:26:5-97
52-->[androidx.core:core:1.9.0] AndroidManifest.xml:26:22-94
53
54    <application
54-->src\main\AndroidManifest.xml:6:5-53:19
55        android:name="com.example.petmily.GlobalApplication"
55-->src\main\AndroidManifest.xml:7:9-42
56        android:allowBackup="false"
56-->src\main\AndroidManifest.xml:8:9-36
57        android:appComponentFactory="androidx.core.app.CoreComponentFactory"
57-->[androidx.core:core:1.9.0] AndroidManifest.xml:28:18-86
58        android:dataExtractionRules="@xml/data_extraction_rules"
58-->src\main\AndroidManifest.xml:9:9-65
59        android:debuggable="true"
60        android:extractNativeLibs="false"
61        android:fullBackupContent="@xml/backup_rules"
61-->src\main\AndroidManifest.xml:10:9-54
62        android:icon="@mipmap/ic_launcher"
62-->src\main\AndroidManifest.xml:11:9-43
63        android:label="@string/app_name"
63-->src\main\AndroidManifest.xml:12:9-41
64        android:roundIcon="@mipmap/ic_launcher_round"
64-->src\main\AndroidManifest.xml:13:9-54
65        android:supportsRtl="true"
65-->src\main\AndroidManifest.xml:14:9-35
66        android:testOnly="true"
67        android:theme="@style/Theme.Petmily"
67-->src\main\AndroidManifest.xml:15:9-45
68        android:usesCleartextTraffic="true" >
68-->[com.kakao.sdk:v2-friend:2.12.1] AndroidManifest.xml:11:9-44
69        <meta-data
69-->src\main\AndroidManifest.xml:17:9-19:42
70            android:name="com.naver.maps.map.CLIENT_ID"
70-->src\main\AndroidManifest.xml:18:13-56
71            android:value="ztkfe47y3q" />
71-->src\main\AndroidManifest.xml:19:13-39
72
73        <activity
73-->src\main\AndroidManifest.xml:20:9-29:20
74            android:name="com.example.petmily.view.MainActivity"
74-->src\main\AndroidManifest.xml:21:13-46
75            android:exported="true" >
75-->src\main\AndroidManifest.xml:22:13-36
76            <intent-filter>
76-->src\main\AndroidManifest.xml:23:13-27:29
77                <action android:name="android.intent.action.MAIN" />
77-->src\main\AndroidManifest.xml:24:17-69
77-->src\main\AndroidManifest.xml:24:25-66
78
79                <category android:name="android.intent.category.LAUNCHER" />
79-->src\main\AndroidManifest.xml:26:17-77
79-->src\main\AndroidManifest.xml:26:27-74
80            </intent-filter>
81        </activity>
82        <activity android:name="com.example.petmily.view.Activity_Chat" />
82-->src\main\AndroidManifest.xml:31:9-55
82-->src\main\AndroidManifest.xml:31:19-53
83        <activity android:name="com.example.petmily.view.Activity_Make" />
83-->src\main\AndroidManifest.xml:32:9-55
83-->src\main\AndroidManifest.xml:32:19-53
84        <activity android:name="com.example.petmily.view.Activity_Login" />
84-->src\main\AndroidManifest.xml:33:9-56
84-->src\main\AndroidManifest.xml:33:19-54
85        <activity android:name="com.example.petmily.view.Activity_Join" />
85-->src\main\AndroidManifest.xml:34:9-55
85-->src\main\AndroidManifest.xml:34:19-53
86        <activity android:name="com.example.petmily.view.Activity_Chat_Room" />
86-->src\main\AndroidManifest.xml:35:9-60
86-->src\main\AndroidManifest.xml:35:19-58
87
88        <service android:name="com.example.petmily.viewModel.service.ChatService" />
88-->src\main\AndroidManifest.xml:36:9-66
88-->src\main\AndroidManifest.xml:36:18-63
89
90        <activity android:name="com.example.petmily.view.Activity_MakeProfile" />
90-->src\main\AndroidManifest.xml:37:9-63
90-->src\main\AndroidManifest.xml:37:19-60
91        <activity android:name="com.example.petmily.view.Activity_PetAppend" />
91-->src\main\AndroidManifest.xml:38:9-60
91-->src\main\AndroidManifest.xml:38:19-58
92
93        <service
93-->src\main\AndroidManifest.xml:40:9-46:19
94            android:name="com.example.petmily.MyFirebaseMessagingService"
94-->src\main\AndroidManifest.xml:41:13-55
95            android:exported="false" >
95-->src\main\AndroidManifest.xml:42:13-37
96            <intent-filter>
96-->src\main\AndroidManifest.xml:43:13-45:29
97                <action android:name="com.google.firebase.MESSAGING_EVENT" />
97-->src\main\AndroidManifest.xml:44:17-78
97-->src\main\AndroidManifest.xml:44:25-75
98            </intent-filter>
99        </service>
100        <service android:name="com.example.petmily.viewModel.service.UndeadService" />
100-->src\main\AndroidManifest.xml:49:9-67
100-->src\main\AndroidManifest.xml:49:18-65
101
102        <receiver android:name="com.example.petmily.viewModel.service.AlarmReceiver" />
102-->src\main\AndroidManifest.xml:50:9-68
102-->src\main\AndroidManifest.xml:50:19-66
103
104        <activity
104-->[com.kakao.sdk:v2-friend:2.12.1] AndroidManifest.xml:13:9-16:59
105            android:name="com.kakao.sdk.friend.view.FullPickerActivity"
105-->[com.kakao.sdk:v2-friend:2.12.1] AndroidManifest.xml:14:13-72
106            android:theme="@style/DayNightFull"
106-->[com.kakao.sdk:v2-friend:2.12.1] AndroidManifest.xml:15:13-48
107            android:windowSoftInputMode="adjustNothing" />
107-->[com.kakao.sdk:v2-friend:2.12.1] AndroidManifest.xml:16:13-56
108        <activity
108-->[com.kakao.sdk:v2-friend:2.12.1] AndroidManifest.xml:17:9-19:52
109            android:name="com.kakao.sdk.friend.view.PopupPickerActivity"
109-->[com.kakao.sdk:v2-friend:2.12.1] AndroidManifest.xml:18:13-73
110            android:theme="@style/DayNightPopup" />
110-->[com.kakao.sdk:v2-friend:2.12.1] AndroidManifest.xml:19:13-49
111        <activity
111-->[com.naver.maps:map-sdk:3.16.0] AndroidManifest.xml:21:9-25:51
112            android:name="com.naver.maps.map.app.LegendActivity"
112-->[com.naver.maps:map-sdk:3.16.0] AndroidManifest.xml:22:13-65
113            android:configChanges="screenSize|smallestScreenSize|screenLayout|orientation"
113-->[com.naver.maps:map-sdk:3.16.0] AndroidManifest.xml:23:13-91
114            android:label="@string/navermap_legend"
114-->[com.naver.maps:map-sdk:3.16.0] AndroidManifest.xml:24:13-52
115            android:theme="@style/navermap_app" />
115-->[com.naver.maps:map-sdk:3.16.0] AndroidManifest.xml:25:13-48
116        <activity
116-->[com.naver.maps:map-sdk:3.16.0] AndroidManifest.xml:26:9-30:51
117            android:name="com.naver.maps.map.app.LegalNoticeActivity"
117-->[com.naver.maps:map-sdk:3.16.0] AndroidManifest.xml:27:13-70
118            android:configChanges="screenSize|smallestScreenSize|screenLayout|orientation"
118-->[com.naver.maps:map-sdk:3.16.0] AndroidManifest.xml:28:13-91
119            android:label="@string/navermap_legal_notice"
119-->[com.naver.maps:map-sdk:3.16.0] AndroidManifest.xml:29:13-58
120            android:theme="@style/navermap_app" />
120-->[com.naver.maps:map-sdk:3.16.0] AndroidManifest.xml:30:13-48
121        <activity
121-->[com.naver.maps:map-sdk:3.16.0] AndroidManifest.xml:31:9-35:51
122            android:name="com.naver.maps.map.app.OpenSourceLicenseActivity"
122-->[com.naver.maps:map-sdk:3.16.0] AndroidManifest.xml:32:13-76
123            android:configChanges="screenSize|smallestScreenSize|screenLayout|orientation"
123-->[com.naver.maps:map-sdk:3.16.0] AndroidManifest.xml:33:13-91
124            android:label="@string/navermap_open_source_license"
124-->[com.naver.maps:map-sdk:3.16.0] AndroidManifest.xml:34:13-65
125            android:theme="@style/navermap_app" />
125-->[com.naver.maps:map-sdk:3.16.0] AndroidManifest.xml:35:13-48
126        <activity
126-->[com.kakao.sdk:v2-auth:2.12.1] AndroidManifest.xml:10:9-15:56
127            android:name="com.kakao.sdk.auth.TalkAuthCodeActivity"
127-->[com.kakao.sdk:v2-auth:2.12.1] AndroidManifest.xml:11:13-67
128            android:configChanges="orientation|screenSize|keyboardHidden"
128-->[com.kakao.sdk:v2-auth:2.12.1] AndroidManifest.xml:12:13-74
129            android:exported="false"
129-->[com.kakao.sdk:v2-auth:2.12.1] AndroidManifest.xml:13:13-37
130            android:launchMode="singleTask"
130-->[com.kakao.sdk:v2-auth:2.12.1] AndroidManifest.xml:14:13-44
131            android:theme="@style/TransparentCompat" />
131-->[com.kakao.sdk:v2-auth:2.12.1] AndroidManifest.xml:15:13-53
132        <activity
132-->[com.kakao.sdk:v2-auth:2.12.1] AndroidManifest.xml:16:9-19:56
133            android:name="com.kakao.sdk.auth.AuthCodeHandlerActivity"
133-->[com.kakao.sdk:v2-auth:2.12.1] AndroidManifest.xml:17:13-70
134            android:launchMode="singleTask"
134-->[com.kakao.sdk:v2-auth:2.12.1] AndroidManifest.xml:18:13-44
135            android:theme="@style/TransparentCompat" />
135-->[com.kakao.sdk:v2-auth:2.12.1] AndroidManifest.xml:19:13-53
136        <activity
136-->[io.github.ParkSangGwon:tedpermission:3.3.0] AndroidManifest.xml:10:9-14:67
137            android:name="com.gun0912.tedpermission.TedPermissionActivity"
137-->[io.github.ParkSangGwon:tedpermission:3.3.0] AndroidManifest.xml:11:13-75
138            android:configChanges="mcc|mnc|locale|keyboard|keyboardHidden|screenLayout|fontScale|uiMode|orientation|screenSize|layoutDirection"
138-->[io.github.ParkSangGwon:tedpermission:3.3.0] AndroidManifest.xml:12:13-144
139            android:screenOrientation="unspecified"
139-->[io.github.ParkSangGwon:tedpermission:3.3.0] AndroidManifest.xml:13:13-52
140            android:theme="@style/Theme.Transparent.Permission" />
140-->[io.github.ParkSangGwon:tedpermission:3.3.0] AndroidManifest.xml:14:13-64
141
142        <provider
142-->[io.github.ParkSangGwon:tedpermission:3.3.0] AndroidManifest.xml:16:9-19:40
143            android:name="com.gun0912.tedpermission.provider.TedPermissionProvider"
143-->[io.github.ParkSangGwon:tedpermission:3.3.0] AndroidManifest.xml:17:13-84
144            android:authorities="com.example.petmily.tedpermissionprovider"
144-->[io.github.ParkSangGwon:tedpermission:3.3.0] AndroidManifest.xml:18:13-73
145            android:exported="false" />
145-->[io.github.ParkSangGwon:tedpermission:3.3.0] AndroidManifest.xml:19:13-37
146
147        <service
147-->[com.google.firebase:firebase-storage:20.1.0] AndroidManifest.xml:29:9-35:19
148            android:name="com.google.firebase.components.ComponentDiscoveryService"
148-->[com.google.firebase:firebase-storage:20.1.0] AndroidManifest.xml:30:13-84
149            android:directBootAware="true"
149-->[com.google.firebase:firebase-common:20.2.0] AndroidManifest.xml:34:13-43
150            android:exported="false" >
150-->[com.google.firebase:firebase-storage:20.1.0] AndroidManifest.xml:31:13-37
151            <meta-data
151-->[com.google.firebase:firebase-storage:20.1.0] AndroidManifest.xml:32:13-34:85
152                android:name="com.google.firebase.components:com.google.firebase.storage.StorageRegistrar"
152-->[com.google.firebase:firebase-storage:20.1.0] AndroidManifest.xml:33:17-107
153                android:value="com.google.firebase.components.ComponentRegistrar" />
153-->[com.google.firebase:firebase-storage:20.1.0] AndroidManifest.xml:34:17-82
154            <meta-data
154-->[com.google.firebase:firebase-messaging:23.1.1] AndroidManifest.xml:55:13-57:85
155                android:name="com.google.firebase.components:com.google.firebase.messaging.FirebaseMessagingRegistrar"
155-->[com.google.firebase:firebase-messaging:23.1.1] AndroidManifest.xml:56:17-119
156                android:value="com.google.firebase.components.ComponentRegistrar" />
156-->[com.google.firebase:firebase-messaging:23.1.1] AndroidManifest.xml:57:17-82
157            <meta-data
157-->[com.google.firebase:firebase-datatransport:18.1.7] AndroidManifest.xml:27:13-29:85
158                android:name="com.google.firebase.components:com.google.firebase.datatransport.TransportRegistrar"
158-->[com.google.firebase:firebase-datatransport:18.1.7] AndroidManifest.xml:28:17-115
159                android:value="com.google.firebase.components.ComponentRegistrar" />
159-->[com.google.firebase:firebase-datatransport:18.1.7] AndroidManifest.xml:29:17-82
160            <meta-data
160-->[com.google.firebase:firebase-installations:17.1.0] AndroidManifest.xml:17:13-19:85
161                android:name="com.google.firebase.components:com.google.firebase.installations.FirebaseInstallationsRegistrar"
161-->[com.google.firebase:firebase-installations:17.1.0] AndroidManifest.xml:18:17-127
162                android:value="com.google.firebase.components.ComponentRegistrar" />
162-->[com.google.firebase:firebase-installations:17.1.0] AndroidManifest.xml:19:17-82
163        </service>
164
165        <receiver
165-->[com.google.firebase:firebase-messaging:23.1.1] AndroidManifest.xml:31:9-38:20
166            android:name="com.google.firebase.iid.FirebaseInstanceIdReceiver"
166-->[com.google.firebase:firebase-messaging:23.1.1] AndroidManifest.xml:32:13-78
167            android:exported="true"
167-->[com.google.firebase:firebase-messaging:23.1.1] AndroidManifest.xml:33:13-36
168            android:permission="com.google.android.c2dm.permission.SEND" >
168-->[com.google.firebase:firebase-messaging:23.1.1] AndroidManifest.xml:34:13-73
169            <intent-filter>
169-->[com.google.firebase:firebase-messaging:23.1.1] AndroidManifest.xml:35:13-37:29
170                <action android:name="com.google.android.c2dm.intent.RECEIVE" />
170-->[com.google.firebase:firebase-messaging:23.1.1] AndroidManifest.xml:36:17-81
170-->[com.google.firebase:firebase-messaging:23.1.1] AndroidManifest.xml:36:25-78
171            </intent-filter>
172        </receiver>
173        <!--
174             FirebaseMessagingService performs security checks at runtime,
175             but set to not exported to explicitly avoid allowing another app to call it.
176        -->
177        <service
177-->[com.google.firebase:firebase-messaging:23.1.1] AndroidManifest.xml:44:9-51:19
178            android:name="com.google.firebase.messaging.FirebaseMessagingService"
178-->[com.google.firebase:firebase-messaging:23.1.1] AndroidManifest.xml:45:13-82
179            android:directBootAware="true"
179-->[com.google.firebase:firebase-messaging:23.1.1] AndroidManifest.xml:46:13-43
180            android:exported="false" >
180-->[com.google.firebase:firebase-messaging:23.1.1] AndroidManifest.xml:47:13-37
181            <intent-filter android:priority="-500" >
181-->src\main\AndroidManifest.xml:43:13-45:29
182                <action android:name="com.google.firebase.MESSAGING_EVENT" />
182-->src\main\AndroidManifest.xml:44:17-78
182-->src\main\AndroidManifest.xml:44:25-75
183            </intent-filter>
184        </service>
185        <service
185-->[androidx.room:room-runtime:2.5.0] AndroidManifest.xml:24:9-28:63
186            android:name="androidx.room.MultiInstanceInvalidationService"
186-->[androidx.room:room-runtime:2.5.0] AndroidManifest.xml:25:13-74
187            android:directBootAware="true"
187-->[androidx.room:room-runtime:2.5.0] AndroidManifest.xml:26:13-43
188            android:exported="false" />
188-->[androidx.room:room-runtime:2.5.0] AndroidManifest.xml:27:13-37
189
190        <activity
190-->[com.google.android.gms:play-services-base:18.0.1] AndroidManifest.xml:20:9-22:45
191            android:name="com.google.android.gms.common.api.GoogleApiActivity"
191-->[com.google.android.gms:play-services-base:18.0.1] AndroidManifest.xml:20:19-85
192            android:exported="false"
192-->[com.google.android.gms:play-services-base:18.0.1] AndroidManifest.xml:22:19-43
193            android:theme="@android:style/Theme.Translucent.NoTitleBar" />
193-->[com.google.android.gms:play-services-base:18.0.1] AndroidManifest.xml:21:19-78
194
195        <provider
195-->[com.google.firebase:firebase-common:20.2.0] AndroidManifest.xml:25:9-30:39
196            android:name="com.google.firebase.provider.FirebaseInitProvider"
196-->[com.google.firebase:firebase-common:20.2.0] AndroidManifest.xml:26:13-77
197            android:authorities="com.example.petmily.firebaseinitprovider"
197-->[com.google.firebase:firebase-common:20.2.0] AndroidManifest.xml:27:13-72
198            android:directBootAware="true"
198-->[com.google.firebase:firebase-common:20.2.0] AndroidManifest.xml:28:13-43
199            android:exported="false"
199-->[com.google.firebase:firebase-common:20.2.0] AndroidManifest.xml:29:13-37
200            android:initOrder="100" />
200-->[com.google.firebase:firebase-common:20.2.0] AndroidManifest.xml:30:13-36
201
202        <meta-data
202-->[com.google.android.gms:play-services-basement:18.1.0] AndroidManifest.xml:21:9-23:69
203            android:name="com.google.android.gms.version"
203-->[com.google.android.gms:play-services-basement:18.1.0] AndroidManifest.xml:22:13-58
204            android:value="@integer/google_play_services_version" />
204-->[com.google.android.gms:play-services-basement:18.1.0] AndroidManifest.xml:23:13-66
205
206        <provider
206-->[androidx.emoji2:emoji2:1.2.0] AndroidManifest.xml:24:9-32:20
207            android:name="androidx.startup.InitializationProvider"
207-->[androidx.emoji2:emoji2:1.2.0] AndroidManifest.xml:25:13-67
208            android:authorities="com.example.petmily.androidx-startup"
208-->[androidx.emoji2:emoji2:1.2.0] AndroidManifest.xml:26:13-68
209            android:exported="false" >
209-->[androidx.emoji2:emoji2:1.2.0] AndroidManifest.xml:27:13-37
210            <meta-data
210-->[androidx.emoji2:emoji2:1.2.0] AndroidManifest.xml:29:13-31:52
211                android:name="androidx.emoji2.text.EmojiCompatInitializer"
211-->[androidx.emoji2:emoji2:1.2.0] AndroidManifest.xml:30:17-75
212                android:value="androidx.startup" />
212-->[androidx.emoji2:emoji2:1.2.0] AndroidManifest.xml:31:17-49
213            <meta-data
213-->[androidx.lifecycle:lifecycle-process:2.4.1] AndroidManifest.xml:31:13-33:52
214                android:name="androidx.lifecycle.ProcessLifecycleInitializer"
214-->[androidx.lifecycle:lifecycle-process:2.4.1] AndroidManifest.xml:32:17-78
215                android:value="androidx.startup" />
215-->[androidx.lifecycle:lifecycle-process:2.4.1] AndroidManifest.xml:33:17-49
216        </provider>
217
218        <service
218-->[com.google.android.datatransport:transport-backend-cct:3.1.8] AndroidManifest.xml:28:9-34:19
219            android:name="com.google.android.datatransport.runtime.backends.TransportBackendDiscovery"
219-->[com.google.android.datatransport:transport-backend-cct:3.1.8] AndroidManifest.xml:29:13-103
220            android:exported="false" >
220-->[com.google.android.datatransport:transport-backend-cct:3.1.8] AndroidManifest.xml:30:13-37
221            <meta-data
221-->[com.google.android.datatransport:transport-backend-cct:3.1.8] AndroidManifest.xml:31:13-33:39
222                android:name="backend:com.google.android.datatransport.cct.CctBackendFactory"
222-->[com.google.android.datatransport:transport-backend-cct:3.1.8] AndroidManifest.xml:32:17-94
223                android:value="cct" />
223-->[com.google.android.datatransport:transport-backend-cct:3.1.8] AndroidManifest.xml:33:17-36
224        </service>
225        <service
225-->[com.google.android.datatransport:transport-runtime:3.1.8] AndroidManifest.xml:26:9-30:19
226            android:name="com.google.android.datatransport.runtime.scheduling.jobscheduling.JobInfoSchedulerService"
226-->[com.google.android.datatransport:transport-runtime:3.1.8] AndroidManifest.xml:27:13-117
227            android:exported="false"
227-->[com.google.android.datatransport:transport-runtime:3.1.8] AndroidManifest.xml:28:13-37
228            android:permission="android.permission.BIND_JOB_SERVICE" >
228-->[com.google.android.datatransport:transport-runtime:3.1.8] AndroidManifest.xml:29:13-69
229        </service>
230
231        <receiver
231-->[com.google.android.datatransport:transport-runtime:3.1.8] AndroidManifest.xml:32:9-34:40
232            android:name="com.google.android.datatransport.runtime.scheduling.jobscheduling.AlarmManagerSchedulerBroadcastReceiver"
232-->[com.google.android.datatransport:transport-runtime:3.1.8] AndroidManifest.xml:33:13-132
233            android:exported="false" />
233-->[com.google.android.datatransport:transport-runtime:3.1.8] AndroidManifest.xml:34:13-37
234    </application>
235
236</manifest>